Сборка начата 22.02.2015 12:13:51.
     1>Проект "C:\Users\Goauld\Desktop\RPG\RPG\RPG.vcxproj" в узле 2 (целевые объекты Build).
     1>ClCompile:
         D:\IDE\Studio\VC\bin\CL.exe /c /I"D:\SFML-2.1\include" /ZI /nologo /W3 /WX- /sdl /Od /Oy- /D SFML_STATIC /D _MBCS /Gm /EHsc /RTC1 /MDd /GS /fp:precise /Zc:wchar_t /Zc:forScope /Fo"Debug\\" /Fd"Debug\vc110.pdb" /Gd /TP /analyze- /errorReport:prompt main.cpp
         main.cpp
     1>c:\users\goauld\desktop\rpg\rpg\input.h(63): warning C4244: =: преобразование "double" в "int", возможна потеря данных
     1>c:\users\goauld\desktop\rpg\rpg\input.h(64): warning C4244: =: преобразование "double" в "int", возможна потеря данных
     1>c:\users\goauld\desktop\rpg\rpg\input.h(67): warning C4172: возвращение адреса локальной или временной переменной
     1>c:\users\goauld\desktop\rpg\rpg\button.h(23): warning C4244: return: преобразование "float" в "int", возможна потеря данных
     1>c:\users\goauld\desktop\rpg\rpg\button.h(24): warning C4244: return: преобразование "float" в "int", возможна потеря данных
       Link:
         D:\IDE\Studio\VC\bin\link.exe /ERRORREPORT:PROMPT /OUT:"C:\Users\Goauld\Desktop\RPG\Debug\RADGREN.exe" /INCREMENTAL /NOLOGO /LIBPATH:"D:\SFML-2.1\lib" "sfml-graphics-s-d.lib" "sfml-window-s-d.lib" "sfml-system-s-d.lib" "sfml-audio-s-d.lib" kernel32.lib user32.lib gdi32.lib winspool.lib comdlg32.lib advapi32.lib shell32.lib ole32.lib oleaut32.lib uuid.lib odbc32.lib odbccp32.lib /MANIFEST /MANIFESTUAC:"level='asInvoker' uiAccess='false'" /manifest:embed /DEBUG /PDB:"C:\Users\Goauld\Desktop\RPG\Debug\RADGREN.pdb" /TLBID:1 /DYNAMICBASE /NXCOMPAT /IMPLIB:"C:\Users\Goauld\Desktop\RPG\Debug\RADGREN.lib" /MACHINE:X86 Debug\Bullet.obj
         Debug\Button.obj
         Debug\ButtonManager.obj
         Debug\CoreEngine.obj
         Debug\DinamicObject.obj
         Debug\ErrorSystem.obj
         Debug\Input.obj
         Debug\main.obj
         Debug\Menu.obj
         Debug\Object.obj
         Debug\TestGame.obj
         Debug\Time.obj
         RPG.vcxproj -> C:\Users\Goauld\Desktop\RPG\Debug\RADGREN.exe
     1>Построение проекта "C:\Users\Goauld\Desktop\RPG\RPG\RPG.vcxproj" завершено (целевые объекты Build).

Сборка успешно завершена.

Затраченное время: 00:00:02.82
